  lab3.cpp
C:\Users\User\Documents\KG-labs-sem1\lab3\MyMath.h(87,11): warning C4244: инициализация: преобразование "float" в "int", возможна потеря данных
  (компиляция исходного файла "lab3.cpp")
  
C:\Users\User\Documents\KG-labs-sem1\lab3\MyMath.h(88,11): warning C4244: инициализация: преобразование "float" в "int", возможна потеря данных
  (компиляция исходного файла "lab3.cpp")
  
C:\Users\User\Documents\KG-labs-sem1\lab3\lab3.cpp(81,23): warning C4244: инициализация: преобразование "float" в "int", возможна потеря данных
C:\Users\User\Documents\KG-labs-sem1\lab3\lab3.cpp(82,23): warning C4244: инициализация: преобразование "float" в "int", возможна потеря данных
C:\Users\User\Documents\KG-labs-sem1\lab3\lab3.cpp(103,23): warning C4244: инициализация: преобразование "float" в "int", возможна потеря данных
C:\Users\User\Documents\KG-labs-sem1\lab3\lab3.cpp(104,23): warning C4244: инициализация: преобразование "float" в "int", возможна потеря данных
C:\Users\User\Documents\KG-labs-sem1\lab3\lab3.cpp(127,91): warning C4244: аргумент: преобразование "float" в "unsigned char", возможна потеря данных
C:\Users\User\Documents\KG-labs-sem1\lab3\lab3.cpp(127,74): warning C4244: аргумент: преобразование "float" в "unsigned char", возможна потеря данных
C:\Users\User\Documents\KG-labs-sem1\lab3\lab3.cpp(127,57): warning C4244: аргумент: преобразование "float" в "unsigned char", возможна потеря данных
C:\Users\User\Documents\KG-labs-sem1\lab3\lab3.cpp(165,45): warning C4244: инициализация: преобразование "int" в "float", возможна потеря данных
C:\Users\User\Documents\KG-labs-sem1\lab3\lab3.cpp(165,48): warning C4244: инициализация: преобразование "int" в "float", возможна потеря данных
C:\Users\User\Documents\KG-labs-sem1\lab3\lab3.cpp(230,35): warning C4244: аргумент: преобразование "float" в "unsigned char", возможна потеря данных
C:\Users\User\Documents\KG-labs-sem1\lab3\lab3.cpp(229,74): warning C4244: аргумент: преобразование "float" в "unsigned char", возможна потеря данных
C:\Users\User\Documents\KG-labs-sem1\lab3\lab3.cpp(229,57): warning C4244: аргумент: преобразование "float" в "unsigned char", возможна потеря данных
C:\Users\User\Documents\KG-labs-sem1\lab3\lab3.cpp(248,20): warning C4244: инициализация: преобразование "float" в "int", возможна потеря данных
C:\Users\User\Documents\KG-labs-sem1\lab3\lab3.cpp(249,20): warning C4244: инициализация: преобразование "float" в "int", возможна потеря данных
C:\Users\User\Documents\KG-labs-sem1\lab3\lab3.cpp(250,20): warning C4244: инициализация: преобразование "float" в "int", возможна потеря данных
C:\Users\User\Documents\KG-labs-sem1\lab3\lab3.cpp(251,20): warning C4244: инициализация: преобразование "float" в "int", возможна потеря данных
  lab3.vcxproj -> C:\Users\User\Documents\KG-labs-sem1\lab3\x64\Debug\lab3.exe
